<?xml version="1.0" encoding="UTF-8"?>
<testng-results ignored="0" total="1" passed="1" failed="0" skipped="0">
  <reporter-output>
  </reporter-output>
  <suite started-at="2023-06-19T15:47:34 ICT" name="Default suite" finished-at="2023-06-19T15:47:42 ICT" duration-ms="7930">
    <groups>
    </groups>
    <test started-at="2023-06-19T15:47:34 ICT" name="Default test" finished-at="2023-06-19T15:47:42 ICT" duration-ms="7930">
      <class name="test_cases.TC009_Discount_Coupon">
        <test-method is-config="true" signature="StartBrowser()[pri:0, instance:test_cases.TC009_Discount_Coupon@4d154ccd]" started-at="2023-06-19T15:47:34 ICT" name="StartBrowser" finished-at="2023-06-19T15:47:38 ICT" duration-ms="4118" status="PASS">
          <reporter-output>
          </reporter-output>
        </test-method> <!-- StartBrowser -->
        <test-method signature="discount()[pri:0, instance:test_cases.TC009_Discount_Coupon@4d154ccd]" started-at="2023-06-19T15:47:38 ICT" name="discount" finished-at="2023-06-19T15:47:41 ICT" duration-ms="2699" status="PASS">
          <reporter-output>
          </reporter-output>
        </test-method> <!-- discount -->
        <test-method is-config="true" signature="CloseBrowser()[pri:0, instance:test_cases.TC009_Discount_Coupon@4d154ccd]" started-at="2023-06-19T15:47:41 ICT" name="CloseBrowser" finished-at="2023-06-19T15:47:42 ICT" duration-ms="1084" status="PASS">
          <reporter-output>
          </reporter-output>
        </test-method> <!-- CloseBrowser -->
      </class> <!-- test_cases.TC009_Discount_Coupon -->
    </test> <!-- Default test -->
  </suite> <!-- Default suite -->
</testng-results>
